[{"line":1,"elements":[{"line":3,"name":"","description":"","type":"background","keyword":"Background","steps":[{"result":{"duration":44641134300,"status":"passed"},"line":4,"name":"User enter valid username and password in login form","match":{"location":"stepDefinitions.Login.LoginSteps.userEnterValidUsernameAndPasswordInLoginForm()"},"keyword":"When "},{"result":{"duration":8187549900,"status":"passed"},"line":5,"name":"Clicks on Log in button","match":{"location":"stepDefinitions.Login.LoginSteps.clicksOnLogInButton()"},"keyword":"And "},{"result":{"duration":3622799300,"status":"passed"},"line":6,"name":"Verify that the home page is displayed","match":{"location":"stepDefinitions.Login.LoginSteps.verifyThatTheHomePageIsDisplayed()"},"keyword":"Then "}]},{"start_timestamp":"2024-10-15T16:26:14.943Z","line":9,"name":"Verify Default Filter State","description":"","id":"test-site-analytics-functionality;verify-default-filter-state","after":[{"result":{"duration":313917700,"status":"passed"},"match":{"location":"stepDefinitions.Hooks.tearDown()"}}],"type":"scenario","keyword":"Scenario","steps":[{"result":{"duration":4110527300,"status":"passed"},"line":10,"name":"Navigate to the Analytics","match":{"location":"stepDefinitions.Analytics.Analytics_Steps.navigateToTheAnalytics()"},"keyword":"When "},{"result":{"error_message":"org.openqa.selenium.TimeoutException: Expected condition failed: waiting for visibility of element located by By.xpath: (//span[@class='ant-switch-inner'])[2] (tried for 10 second(s) with 500 milliseconds interval)\nBuild info: version: '4.5.0', revision: 'fe167b119a'\nSystem info: os.name: 'Windows 11', os.arch: 'amd64', os.version: '10.0', java.version: '17.0.6'\nDriver info: org.openqa.selenium.chrome.ChromeDriver\nCapabilities {acceptInsecureCerts: false, browserName: chrome, browserVersion: 129.0.6668.100, chrome: {chromedriverVersion: 129.0.6668.100 (cf58cba358d..., userDataDir: C:\\Users\\RASEL\\AppData\\Loca...}, fedcm:accounts: true, goog:chromeOptions: {debuggerAddress: localhost:2726}, networkConnectionEnabled: false, pageLoadStrategy: normal, platformName: WINDOWS, proxy: Proxy(), se:cdp: ws://localhost:2726/devtool..., se:cdpVersion: 129.0.6668.100, setWindowRect: true, strictFileInteractability: false, timeouts: {implicit: 0, pageLoad: 300000, script: 30000}, unhandledPromptBehavior: dismiss and notify, webauthn:extension:credBlob: true, webauthn:extension:largeBlob: true, webauthn:extension:minPinLength: true, webauthn:extension:prf: true, webauthn:virtualAuthenticators: true}\nSession ID: 2e6e6ac49543cfec8371c5122c30ce46\r\n\tat org.openqa.selenium.support.ui.WebDriverWait.timeoutException(WebDriverWait.java:87)\r\n\tat org.openqa.selenium.support.ui.FluentWait.until(FluentWait.java:231)\r\n\tat base.PageObjectManager.waitUntilElementIsVisible(PageObjectManager.java:30)\r\n\tat base.PageObjectManager.assertElementIsDisplayed(PageObjectManager.java:127)\r\n\tat stepDefinitions.Analytics.Analytics_Steps.verifyThatTheFilterShowsDefaultSelectionsOrPlaceholders(Analytics_Steps.java:74)\r\n\tat ✽.Verify that the filter shows default selections or placeholders(file:///D:/AllGitProject/GitHubActions_JavaCucumber/src/test/java/features/Analytics.feature:11)\r\n","duration":17075791200,"status":"failed"},"line":11,"name":"Verify that the filter shows default selections or placeholders","match":{"location":"stepDefinitions.Analytics.Analytics_Steps.verifyThatTheFilterShowsDefaultSelectionsOrPlaceholders()"},"keyword":"Then "}],"tags":[{"name":"@Demo"}]},{"line":3,"name":"","description":"","type":"background","keyword":"Background","steps":[{"result":{"duration":33257357100,"status":"passed"},"line":4,"name":"User enter valid username and password in login form","match":{"location":"stepDefinitions.Login.LoginSteps.userEnterValidUsernameAndPasswordInLoginForm()"},"keyword":"When "},{"result":{"duration":8338229300,"status":"passed"},"line":5,"name":"Clicks on Log in button","match":{"location":"stepDefinitions.Login.LoginSteps.clicksOnLogInButton()"},"keyword":"And "},{"result":{"duration":2119911800,"status":"passed"},"line":6,"name":"Verify that the home page is displayed","match":{"location":"stepDefinitions.Login.LoginSteps.verifyThatTheHomePageIsDisplayed()"},"keyword":"Then "}]},{"start_timestamp":"2024-10-15T16:26:14.952Z","line":14,"name":"Verify Filter Dropdown Functionality","description":"","id":"test-site-analytics-functionality;verify-filter-dropdown-functionality","after":[{"result":{"duration":397812400,"status":"passed"},"match":{"location":"stepDefinitions.Hooks.tearDown()"}}],"type":"scenario","keyword":"Scenario","steps":[{"result":{"duration":3335838300,"status":"passed"},"line":15,"name":"Navigate to the Analytics","match":{"location":"stepDefinitions.Analytics.Analytics_Steps.navigateToTheAnalytics()"},"keyword":"When "},{"result":{"error_message":"java.lang.AssertionError: Dropdown options did not collapse after clicking again.\r\n\tat base.PageObjectManager.verifyDropdownClickable(PageObjectManager.java:619)\r\n\tat stepDefinitions.Analytics.Analytics_Steps.verifyThatAllTheFiltersAreClickable(Analytics_Steps.java:82)\r\n\tat ✽.Verify that all the filters are clickable(file:///D:/AllGitProject/GitHubActions_JavaCucumber/src/test/java/features/Analytics.feature:16)\r\n","duration":5134402400,"status":"failed"},"line":16,"name":"Verify that all the filters are clickable","match":{"location":"stepDefinitions.Analytics.Analytics_Steps.verifyThatAllTheFiltersAreClickable()"},"keyword":"Then "}],"tags":[{"name":"@Demo"}]},{"line":3,"name":"","description":"","type":"background","keyword":"Background","steps":[{"result":{"duration":60306147600,"status":"passed"},"line":4,"name":"User enter valid username and password in login form","match":{"location":"stepDefinitions.Login.LoginSteps.userEnterValidUsernameAndPasswordInLoginForm()"},"keyword":"When "},{"result":{"duration":8216191600,"status":"passed"},"line":5,"name":"Clicks on Log in button","match":{"location":"stepDefinitions.Login.LoginSteps.clicksOnLogInButton()"},"keyword":"And "},{"result":{"error_message":"org.openqa.selenium.TimeoutException: Expected condition failed: waiting for visibility of element located by By.xpath: (//img[@alt='logo'])[1] (tried for 10 second(s) with 500 milliseconds interval)\nBuild info: version: '4.5.0', revision: 'fe167b119a'\nSystem info: os.name: 'Windows 11', os.arch: 'amd64', os.version: '10.0', java.version: '17.0.6'\nDriver info: org.openqa.selenium.chrome.ChromeDriver\nCapabilities {acceptInsecureCerts: false, browserName: chrome, browserVersion: 129.0.6668.100, chrome: {chromedriverVersion: 129.0.6668.100 (cf58cba358d..., userDataDir: C:\\Users\\RASEL\\AppData\\Loca...}, fedcm:accounts: true, goog:chromeOptions: {debuggerAddress: localhost:2787}, networkConnectionEnabled: false, pageLoadStrategy: normal, platformName: WINDOWS, proxy: Proxy(), se:cdp: ws://localhost:2787/devtool..., se:cdpVersion: 129.0.6668.100, setWindowRect: true, strictFileInteractability: false, timeouts: {implicit: 0, pageLoad: 300000, script: 30000}, unhandledPromptBehavior: dismiss and notify, webauthn:extension:credBlob: true, webauthn:extension:largeBlob: true, webauthn:extension:minPinLength: true, webauthn:extension:prf: true, webauthn:virtualAuthenticators: true}\nSession ID: 8804e07f611b7cfd9b9cbeeb103a23bc\r\n\tat org.openqa.selenium.support.ui.WebDriverWait.timeoutException(WebDriverWait.java:87)\r\n\tat org.openqa.selenium.support.ui.FluentWait.until(FluentWait.java:231)\r\n\tat base.PageObjectManager.waitUntilElementIsVisible(PageObjectManager.java:30)\r\n\tat base.PageObjectManager.isElementDisplayed(PageObjectManager.java:116)\r\n\tat stepDefinitions.Login.LoginSteps.verifyThatTheHomePageIsDisplayed(LoginSteps.java:55)\r\n\tat ✽.Verify that the home page is displayed(file:///D:/AllGitProject/GitHubActions_JavaCucumber/src/test/java/features/Analytics.feature:6)\r\n","duration":11063739300,"status":"failed"},"line":6,"name":"Verify that the home page is displayed","match":{"location":"stepDefinitions.Login.LoginSteps.verifyThatTheHomePageIsDisplayed()"},"keyword":"Then "}]},{"start_timestamp":"2024-10-15T16:27:07.703Z","line":19,"name":"Verify Analytics Selection Functionality","description":"","id":"test-site-analytics-functionality;verify-analytics-selection-functionality","after":[{"result":{"duration":356704900,"status":"passed"},"match":{"location":"stepDefinitions.Hooks.tearDown()"}}],"type":"scenario","keyword":"Scenario","steps":[{"result":{"duration":1081700,"status":"skipped"},"line":20,"name":"Navigate to the Analytics","match":{"location":"stepDefinitions.Analytics.Analytics_Steps.navigateToTheAnalytics()"},"keyword":"When "},{"result":{"status":"skipped"},"line":21,"name":"Click on the Analytics dropdown","match":{"location":"stepDefinitions.Analytics.Analytics_Steps.clickOnTheAnalyticsDropdown()"},"keyword":"And "},{"result":{"duration":1119100,"status":"skipped"},"line":22,"name":"Select Power option from dropdown","match":{"location":"stepDefinitions.Analytics.Analytics_Steps.selectPowerOptionFromDropdown()"},"keyword":"And "},{"result":{"status":"skipped"},"line":23,"name":"Select site from the dropdown","match":{"location":"stepDefinitions.Analytics.Analytics_Steps.selectSiteFromTheDropdown()"},"keyword":"And "},{"result":{"status":"skipped"},"line":24,"name":"Verify that the Power analytics data is displayed","match":{"location":"stepDefinitions.Analytics.Analytics_Steps.verifyThatThePowerAnalyticsDataIsDisplayed()"},"keyword":"Then "}],"tags":[{"name":"@Demo"}]}],"name":"Test Site Analytics functionality","description":"","id":"test-site-analytics-functionality","keyword":"Feature","uri":"file:src/test/java/features/Analytics.feature","tags":[]},{"line":1,"elements":[{"start_timestamp":"2024-10-15T16:27:32.933Z","line":4,"name":"Verify that the user able to login with valid credentials","description":"","id":"test-login-functionality;verify-that-the-user-able-to-login-with-valid-credentials","after":[{"result":{"duration":313324100,"status":"passed"},"match":{"location":"stepDefinitions.Hooks.tearDown()"}}],"type":"scenario","keyword":"Scenario","steps":[{"result":{"duration":33824552700,"status":"passed"},"line":5,"name":"User enter valid username and password in login form","match":{"location":"stepDefinitions.Login.LoginSteps.userEnterValidUsernameAndPasswordInLoginForm()"},"keyword":"When "},{"result":{"duration":8248290000,"status":"passed"},"line":6,"name":"Clicks on Log in button","match":{"location":"stepDefinitions.Login.LoginSteps.clicksOnLogInButton()"},"keyword":"And "},{"result":{"duration":2129722800,"status":"passed"},"line":7,"name":"Verify that the home page is displayed","match":{"location":"stepDefinitions.Login.LoginSteps.verifyThatTheHomePageIsDisplayed()"},"keyword":"Then "}],"tags":[{"name":"@Demo"}]},{"start_timestamp":"2024-10-15T16:28:17.465Z","line":10,"name":"Verify that the user able to login with valid","description":"","id":"test-login-functionality;verify-that-the-user-able-to-login-with-valid","after":[{"result":{"duration":362450200,"status":"passed"},"match":{"location":"stepDefinitions.Hooks.tearDown()"}}],"type":"scenario","keyword":"Scenario","steps":[{"result":{"duration":40563379700,"status":"passed"},"line":11,"name":"User enter valid username and password in login form","match":{"location":"stepDefinitions.Login.LoginSteps.userEnterValidUsernameAndPasswordInLoginForm()"},"keyword":"When "},{"result":{"duration":8196359500,"status":"passed"},"line":12,"name":"Clicks on Log in button","match":{"location":"stepDefinitions.Login.LoginSteps.clicksOnLogInButton()"},"keyword":"And "},{"result":{"error_message":"org.openqa.selenium.TimeoutException: Expected condition failed: waiting for visibility of element located by By.xpath: (//img[@alt='logo'])[1] (tried for 10 second(s) with 500 milliseconds interval)\nBuild info: version: '4.5.0', revision: 'fe167b119a'\nSystem info: os.name: 'Windows 11', os.arch: 'amd64', os.version: '10.0', java.version: '17.0.6'\nDriver info: org.openqa.selenium.chrome.ChromeDriver\nCapabilities {acceptInsecureCerts: false, browserName: chrome, browserVersion: 129.0.6668.100, chrome: {chromedriverVersion: 129.0.6668.100 (cf58cba358d..., userDataDir: C:\\Users\\RASEL\\AppData\\Loca...}, fedcm:accounts: true, goog:chromeOptions: {debuggerAddress: localhost:2864}, networkConnectionEnabled: false, pageLoadStrategy: normal, platformName: WINDOWS, proxy: Proxy(), se:cdp: ws://localhost:2864/devtool..., se:cdpVersion: 129.0.6668.100, setWindowRect: true, strictFileInteractability: false, timeouts: {implicit: 0, pageLoad: 300000, script: 30000}, unhandledPromptBehavior: dismiss and notify, webauthn:extension:credBlob: true, webauthn:extension:largeBlob: true, webauthn:extension:minPinLength: true, webauthn:extension:prf: true, webauthn:virtualAuthenticators: true}\nSession ID: cc8c32b9ebbe7efb7e1be7b6adfc325b\r\n\tat org.openqa.selenium.support.ui.WebDriverWait.timeoutException(WebDriverWait.java:87)\r\n\tat org.openqa.selenium.support.ui.FluentWait.until(FluentWait.java:231)\r\n\tat base.PageObjectManager.waitUntilElementIsVisible(PageObjectManager.java:30)\r\n\tat base.PageObjectManager.isElementDisplayed(PageObjectManager.java:116)\r\n\tat stepDefinitions.Login.LoginSteps.verifyThatTheHomePageIsDisplayed(LoginSteps.java:55)\r\n\tat ✽.Verify that the home page is displayed(file:///D:/AllGitProject/GitHubActions_JavaCucumber/src/test/java/features/Login.feature:13)\r\n","duration":11062252000,"status":"failed"},"line":13,"name":"Verify that the home page is displayed","match":{"location":"stepDefinitions.Login.LoginSteps.verifyThatTheHomePageIsDisplayed()"},"keyword":"Then "}],"tags":[{"name":"@Demo"}]},{"start_timestamp":"2024-10-15T16:28:27.690Z","line":16,"name":"Verify that the user able to login with","description":"","id":"test-login-functionality;verify-that-the-user-able-to-login-with","after":[{"result":{"duration":307044200,"status":"passed"},"match":{"location":"stepDefinitions.Hooks.tearDown()"}}],"type":"scenario","keyword":"Scenario","steps":[{"result":{"duration":30584835100,"status":"passed"},"line":17,"name":"User enter valid username and password in login form","match":{"location":"stepDefinitions.Login.LoginSteps.userEnterValidUsernameAndPasswordInLoginForm()"},"keyword":"When "},{"result":{"duration":8227252900,"status":"passed"},"line":18,"name":"Clicks on Log in button","match":{"location":"stepDefinitions.Login.LoginSteps.clicksOnLogInButton()"},"keyword":"And "},{"result":{"error_message":"org.openqa.selenium.TimeoutException: Expected condition failed: waiting for visibility of element located by By.xpath: (//img[@alt='logo'])[1] (tried for 10 second(s) with 500 milliseconds interval)\nBuild info: version: '4.5.0', revision: 'fe167b119a'\nSystem info: os.name: 'Windows 11', os.arch: 'amd64', os.version: '10.0', java.version: '17.0.6'\nDriver info: org.openqa.selenium.chrome.ChromeDriver\nCapabilities {acceptInsecureCerts: false, browserName: chrome, browserVersion: 129.0.6668.100, chrome: {chromedriverVersion: 129.0.6668.100 (cf58cba358d..., userDataDir: C:\\Users\\RASEL\\AppData\\Loca...}, fedcm:accounts: true, goog:chromeOptions: {debuggerAddress: localhost:2892}, networkConnectionEnabled: false, pageLoadStrategy: normal, platformName: WINDOWS, proxy: Proxy(), se:cdp: ws://localhost:2892/devtool..., se:cdpVersion: 129.0.6668.100, setWindowRect: true, strictFileInteractability: false, timeouts: {implicit: 0, pageLoad: 300000, script: 30000}, unhandledPromptBehavior: dismiss and notify, webauthn:extension:credBlob: true, webauthn:extension:largeBlob: true, webauthn:extension:minPinLength: true, webauthn:extension:prf: true, webauthn:virtualAuthenticators: true}\nSession ID: 6f35558009518bab4606f2955c463626\r\n\tat org.openqa.selenium.support.ui.WebDriverWait.timeoutException(WebDriverWait.java:87)\r\n\tat org.openqa.selenium.support.ui.FluentWait.until(FluentWait.java:231)\r\n\tat base.PageObjectManager.waitUntilElementIsVisible(PageObjectManager.java:30)\r\n\tat base.PageObjectManager.isElementDisplayed(PageObjectManager.java:116)\r\n\tat stepDefinitions.Login.LoginSteps.verifyThatTheHomePageIsDisplayed(LoginSteps.java:55)\r\n\tat ✽.Verify that the home page is displayed(file:///D:/AllGitProject/GitHubActions_JavaCucumber/src/test/java/features/Login.feature:19)\r\n","duration":11057344000,"status":"failed"},"line":19,"name":"Verify that the home page is displayed","match":{"location":"stepDefinitions.Login.LoginSteps.verifyThatTheHomePageIsDisplayed()"},"keyword":"Then "}],"tags":[{"name":"@Demo"}]},{"start_timestamp":"2024-10-15T16:29:17.669Z","line":22,"name":"Verify that the user able to login","description":"","id":"test-login-functionality;verify-that-the-user-able-to-login","after":[{"result":{"duration":24673956800,"status":"passed"},"match":{"location":"stepDefinitions.Hooks.tearDown()"}}],"type":"scenario","keyword":"Scenario","steps":[{"result":{"error_message":"org.openqa.selenium.TimeoutException: timeout: Timed out receiving message from renderer: 59.029\n  (Session info: chrome=129.0.6668.100)\nBuild info: version: '4.5.0', revision: 'fe167b119a'\nSystem info: os.name: 'Windows 11', os.arch: 'amd64', os.version: '10.0', java.version: '17.0.6'\nDriver info: org.openqa.selenium.chrome.ChromeDriver\nCommand: [4cd53c9a807ab54077d0a96c11bd9af4, get {url=https://stage.portal.denowatts.com/signin}]\nCapabilities {acceptInsecureCerts: false, browserName: chrome, browserVersion: 129.0.6668.100, chrome: {chromedriverVersion: 129.0.6668.100 (cf58cba358d..., userDataDir: C:\\Users\\RASEL\\AppData\\Loca...}, fedcm:accounts: true, goog:chromeOptions: {debuggerAddress: localhost:2958}, networkConnectionEnabled: false, pageLoadStrategy: normal, platformName: WINDOWS, proxy: Proxy(), se:cdp: ws://localhost:2958/devtool..., se:cdpVersion: 129.0.6668.100, setWindowRect: true, strictFileInteractability: false, timeouts: {implicit: 0, pageLoad: 300000, script: 30000}, unhandledPromptBehavior: dismiss and notify, webauthn:extension:credBlob: true, webauthn:extension:largeBlob: true, webauthn:extension:minPinLength: true, webauthn:extension:prf: true, webauthn:virtualAuthenticators: true}\nSession ID: 4cd53c9a807ab54077d0a96c11bd9af4\r\n\tat java.base/jdk.internal.reflect.NativeConstructorAccessorImpl.newInstance0(Native Method)\r\n\tat java.base/jdk.internal.reflect.NativeConstructorAccessorImpl.newInstance(NativeConstructorAccessorImpl.java:77)\r\n\tat java.base/jdk.internal.reflect.DelegatingConstructorAccessorImpl.newInstance(DelegatingConstructorAccessorImpl.java:45)\r\n\tat java.base/java.lang.reflect.Constructor.newInstanceWithCaller(Constructor.java:499)\r\n\tat java.base/java.lang.reflect.Constructor.newInstance(Constructor.java:480)\r\n\tat org.openqa.selenium.remote.codec.w3c.W3CHttpResponseCodec.createException(W3CHttpResponseCodec.java:200)\r\n\tat org.openqa.selenium.remote.codec.w3c.W3CHttpResponseCodec.decode(W3CHttpResponseCodec.java:133)\r\n\tat org.openqa.selenium.remote.codec.w3c.W3CHttpResponseCodec.decode(W3CHttpResponseCodec.java:53)\r\n\tat org.openqa.selenium.remote.HttpCommandExecutor.execute(HttpCommandExecutor.java:184)\r\n\tat org.openqa.selenium.remote.service.DriverCommandExecutor.invokeExecute(DriverCommandExecutor.java:167)\r\n\tat org.openqa.selenium.remote.service.DriverCommandExecutor.execute(DriverCommandExecutor.java:142)\r\n\tat org.openqa.selenium.remote.RemoteWebDriver.execute(RemoteWebDriver.java:547)\r\n\tat org.openqa.selenium.remote.RemoteWebDriver.get(RemoteWebDriver.java:310)\r\n\tat utils.DriverSetup.setDriver(DriverSetup.java:63)\r\n\tat utils.DriverSetup.<init>(DriverSetup.java:70)\r\n\tat java.base/jdk.internal.reflect.NativeConstructorAccessorImpl.newInstance0(Native Method)\r\n\tat java.base/jdk.internal.reflect.NativeConstructorAccessorImpl.newInstance(NativeConstructorAccessorImpl.java:77)\r\n\tat java.base/jdk.internal.reflect.DelegatingConstructorAccessorImpl.newInstance(DelegatingConstructorAccessorImpl.java:45)\r\n\tat java.base/java.lang.reflect.Constructor.newInstanceWithCaller(Constructor.java:499)\r\n\tat java.base/java.lang.reflect.Constructor.newInstance(Constructor.java:480)\r\n\tat org.picocontainer.injectors.AbstractInjector.newInstance(AbstractInjector.java:145)\r\n\tat org.picocontainer.injectors.ConstructorInjector$1.run(ConstructorInjector.java:342)\r\n\tat org.picocontainer.injectors.AbstractInjector$ThreadLocalCyclicDependencyGuard.observe(AbstractInjector.java:270)\r\n\tat org.picocontainer.injectors.ConstructorInjector.getComponentInstance(ConstructorInjector.java:364)\r\n\tat org.picocontainer.injectors.AbstractInjectionFactory$LifecycleAdapter.getComponentInstance(AbstractInjectionFactory.java:56)\r\n\tat org.picocontainer.behaviors.AbstractBehavior.getComponentInstance(AbstractBehavior.java:64)\r\n\tat org.picocontainer.behaviors.Stored.getComponentInstance(Stored.java:91)\r\n\tat org.picocontainer.DefaultPicoContainer.getInstance(DefaultPicoContainer.java:699)\r\n\tat org.picocontainer.DefaultPicoContainer.getComponent(DefaultPicoContainer.java:647)\r\n\tat org.picocontainer.DefaultPicoContainer.getComponent(DefaultPicoContainer.java:632)\r\n\tat org.picocontainer.parameters.BasicComponentParameter$1.resolveInstance(BasicComponentParameter.java:118)\r\n\tat org.picocontainer.parameters.ComponentParameter$1.resolveInstance(ComponentParameter.java:136)\r\n\tat org.picocontainer.injectors.SingleMemberInjector.getParameter(SingleMemberInjector.java:78)\r\n\tat org.picocontainer.injectors.ConstructorInjector$CtorAndAdapters.getParameterArguments(ConstructorInjector.java:309)\r\n\tat org.picocontainer.injectors.ConstructorInjector$1.run(ConstructorInjector.java:335)\r\n\tat org.picocontainer.injectors.AbstractInjector$ThreadLocalCyclicDependencyGuard.observe(AbstractInjector.java:270)\r\n\tat org.picocontainer.injectors.ConstructorInjector.getComponentInstance(ConstructorInjector.java:364)\r\n\tat org.picocontainer.injectors.AbstractInjectionFactory$LifecycleAdapter.getComponentInstance(AbstractInjectionFactory.java:56)\r\n\tat org.picocontainer.behaviors.AbstractBehavior.getComponentInstance(AbstractBehavior.java:64)\r\n\tat org.picocontainer.behaviors.Stored.getComponentInstance(Stored.java:91)\r\n\tat org.picocontainer.DefaultPicoContainer.getInstance(DefaultPicoContainer.java:699)\r\n\tat org.picocontainer.DefaultPicoContainer.getComponent(DefaultPicoContainer.java:647)\r\n\tat org.picocontainer.DefaultPicoContainer.getComponent(DefaultPicoContainer.java:678)\r\n\tat io.cucumber.picocontainer.PicoFactory.getInstance(PicoFactory.java:64)\r\n\tat io.cucumber.java.AbstractGlueDefinition.invokeMethod(AbstractGlueDefinition.java:47)\r\n\tat io.cucumber.java.JavaStepDefinition.execute(JavaStepDefinition.java:29)\r\n\tat io.cucumber.core.runner.CoreStepDefinition.execute(CoreStepDefinition.java:66)\r\n\tat io.cucumber.core.runner.PickleStepDefinitionMatch.runStep(PickleStepDefinitionMatch.java:63)\r\n\tat io.cucumber.core.runner.ExecutionMode$1.execute(ExecutionMode.java:10)\r\n\tat io.cucumber.core.runner.TestStep.executeStep(TestStep.java:81)\r\n\tat io.cucumber.core.runner.TestStep.run(TestStep.java:53)\r\n\tat io.cucumber.core.runner.PickleStepTestStep.run(PickleStepTestStep.java:51)\r\n\tat io.cucumber.core.runner.TestCase.run(TestCase.java:84)\r\n\tat io.cucumber.core.runner.Runner.runPickle(Runner.java:75)\r\n\tat io.cucumber.testng.TestNGCucumberRunner.lambda$runScenario$1(TestNGCucumberRunner.java:132)\r\n\tat io.cucumber.core.runtime.CucumberExecutionContext.lambda$runTestCase$5(CucumberExecutionContext.java:136)\r\n\tat io.cucumber.core.runtime.RethrowingThrowableCollector.executeAndThrow(RethrowingThrowableCollector.java:23)\r\n\tat io.cucumber.core.runtime.CucumberExecutionContext.runTestCase(CucumberExecutionContext.java:136)\r\n\tat io.cucumber.testng.TestNGCucumberRunner.runScenario(TestNGCucumberRunner.java:129)\r\n\tat io.cucumber.testng.AbstractTestNGCucumberTests.runScenario(AbstractTestNGCucumberTests.java:35)\r\n\tat java.base/jdk.internal.reflect.NativeMethodAccessorImpl.invoke0(Native Method)\r\n\tat java.base/jdk.internal.reflect.NativeMethodAccessorImpl.invoke(NativeMethodAccessorImpl.java:77)\r\n\tat java.base/jdk.internal.reflect.DelegatingMethodAccessorImpl.invoke(DelegatingMethodAccessorImpl.java:43)\r\n\tat java.base/java.lang.reflect.Method.invoke(Method.java:568)\r\n\tat org.testng.internal.invokers.MethodInvocationHelper.invokeMethod(MethodInvocationHelper.java:141)\r\n\tat org.testng.internal.invokers.TestInvoker.invokeMethod(TestInvoker.java:686)\r\n\tat org.testng.internal.invokers.TestInvoker.invokeTestMethod(TestInvoker.java:230)\r\n\tat org.testng.internal.invokers.TestMethodWithDataProviderMethodWorker.call(TestMethodWithDataProviderMethodWorker.java:81)\r\n\tat org.testng.internal.thread.Async$AsyncTask.run(Async.java:34)\r\n\tat java.base/java.util.concurrent.ThreadPoolExecutor.runWorker(ThreadPoolExecutor.java:1136)\r\n\tat java.base/java.util.concurrent.ThreadPoolExecutor$Worker.run(ThreadPoolExecutor.java:635)\r\n\tat java.base/java.lang.Thread.run(Thread.java:833)\r\n","duration":61867655700,"status":"failed"},"line":23,"name":"User enter valid username and password in login form","match":{"location":"stepDefinitions.Login.LoginSteps.userEnterValidUsernameAndPasswordInLoginForm()"},"keyword":"When "},{"result":{"status":"skipped"},"line":24,"name":"Clicks on Log in button","match":{"location":"stepDefinitions.Login.LoginSteps.clicksOnLogInButton()"},"keyword":"And "},{"result":{"status":"skipped"},"line":25,"name":"Verify that the home page is displayed","match":{"location":"stepDefinitions.Login.LoginSteps.verifyThatTheHomePageIsDisplayed()"},"keyword":"Then "}],"tags":[{"name":"@Demo"}]},{"start_timestamp":"2024-10-15T16:29:17.885Z","line":28,"name":"Verify that user able to login","description":"","id":"test-login-functionality;verify-that-user-able-to-login","after":[{"result":{"duration":252185200,"status":"passed"},"match":{"location":"stepDefinitions.Hooks.tearDown()"}}],"type":"scenario","keyword":"Scenario","steps":[{"result":{"duration":39119856300,"status":"passed"},"line":29,"name":"User enter valid username and password in login form","match":{"location":"stepDefinitions.Login.LoginSteps.userEnterValidUsernameAndPasswordInLoginForm()"},"keyword":"When "},{"result":{"duration":8330717700,"status":"passed"},"line":30,"name":"Clicks on Log in button","match":{"location":"stepDefinitions.Login.LoginSteps.clicksOnLogInButton()"},"keyword":"And "},{"result":{"duration":11611135400,"status":"passed"},"line":31,"name":"Verify that the home page is displayed","match":{"location":"stepDefinitions.Login.LoginSteps.verifyThatTheHomePageIsDisplayed()"},"keyword":"Then "}],"tags":[{"name":"@Demo"}]}],"name":"Test login functionality","description":"","id":"test-login-functionality","keyword":"Feature","uri":"file:src/test/java/features/Login.feature","tags":[]}]